<?xml version="1.0" encoding="UTF-8"?>
<!-- Generated by org.testng.reporters.JUnitXMLReporter -->
<testsuite hostname="QAPLANET-PC" name="Test" tests="4" failures="0" timestamp="12 Mar 2020 06:47:48 GMT" time="12.634" errors="0">
  <testcase name="method1" time="0.009" classname="maven_jenkins_demo.test1"/>
  <testcase name="method2" time="0.007" classname="maven_jenkins_demo.test2"/>
  <testcase name="method3" time="0.002" classname="maven_jenkins_demo.test3"/>
  <testcase name="method4" time="12.594" classname="maven_jenkins_demo.test4"/>
</testsuite> <!-- Test -->
