<?xml version="1.0" encoding="UTF-8"?>
<testng-results skipped="0" failed="0" total="1" passed="1">
  <reporter-output>
  </reporter-output>
  <suite name="Default suite" duration-ms="15997" started-at="2020-03-12T06:58:05Z" finished-at="2020-03-12T06:58:21Z">
    <groups>
    </groups>
    <test name="Default test" duration-ms="15997" started-at="2020-03-12T06:58:05Z" finished-at="2020-03-12T06:58:21Z">
      <class name="maven_jenkins_demo.test4">
        <test-method status="PASS" signature="method4()[pri:0, instance:maven_jenkins_demo.test4@1339552]" name="method4" duration-ms="15983" started-at="2020-03-12T12:28:05Z" finished-at="2020-03-12T12:28:21Z">
          <reporter-output>
          </reporter-output>
        </test-method> <!-- method4 -->
      </class> <!-- maven_jenkins_demo.test4 -->
    </test> <!-- Default test -->
  </suite> <!-- Default suite -->
</testng-results>
